C51 COMPILER V9.60.0.0   ADC                                                               07/05/2021 18:54:42 PAGE 1   


C51 COMPILER V9.60.0.0, COMPILATION OF MODULE ADC
OBJECT MODULE PLACED IN .\Objects\ADC.obj
COMPILER INVOKED BY: D:\work\keilc51\C51\BIN\C51.EXE ADC.c OMF2 OPTIMIZE(8,SPEED) BROWSE INCDIR(.\User) DEBUG PRINT(.\Li
                    -stings\ADC.lst) TABS(2) OBJECT(.\Objects\ADC.obj)

line level    source

   1          #include "reg52.h"
   2          #include "intrins.h"
   3          #include "ADC.h"
   4          
   5          sfr ADC_CONTR   =   0xBC;           //ADC 控制寄存器
   6          sfr ADC_RES     =   0xBD;           //ADC 转换结果寄存器
   7          sfr ADC_LOW2    =   0xBE;           //ADC 低2位结果寄存器
   8          sfr P1ASF       =   0x9D;           //Pl口模拟功能控制寄存器
   9          
  10          /********************************************************************
  11                                       延时函数
  12          *********************************************************************/
  13          void Delay2(uint n)
  14          {
  15   1          uint x;
  16   1          while (n--)
  17   1          {
  18   2              x = 5000;
  19   2              while (x--);
  20   2          }
  21   1      }
  22          /********************************************************************
  23                                        ADC 初始化
  24          *********************************************************************/
  25          void InitADC()
  26          {
  27   1          P1ASF = 0x02;                       //设置P1口为开漏模式，使用AD功能
  28   1          ADC_RES = 0;                        //AD数据寄存器清空
  29   1          ADC_CONTR = ADC_POWER | ADC_SPEEDLL;  //打开AD电源，转换周期420
  30   1          Delay2(2);                          //延时
  31   1      }
  32          /********************************************************************
  33                                        ADC 数据转换函数
  34          *********************************************************************/
  35          uchar GetADCResult(uchar ch)
  36          {
  37   1          ADC_CONTR = ADC_POWER | ADC_SPEEDLL | ch | ADC_START;//开始转换
  38   1          _nop_();                        //延时一个机器周期
  39   1          _nop_();            //延时一个机器周期
  40   1          _nop_();            //延时一个机器周期
  41   1          _nop_();            //延时一个机器周期
  42   1          while (!(ADC_CONTR & ADC_FLAG));//等待转换结束
  43   1          ADC_CONTR &= ~ADC_FLAG;         //关闭AD转换
  44   1      
  45   1          return ADC_RES;                 //返回数据
  46   1      }


MODULE INFORMATION:   STATIC OVERLAYABLE
   CODE SIZE        =     62    ----
   CONSTANT SIZE    =   ----    ----
   XDATA SIZE       =   ----    ----
   PDATA SIZE       =   ----    ----
   DATA SIZE        =   ----    ----
C51 COMPILER V9.60.0.0   ADC                                                               07/05/2021 18:54:42 PAGE 2   

   IDATA SIZE       =   ----    ----
   BIT SIZE         =   ----    ----
   EDATA SIZE       =   ----    ----
   HDATA SIZE       =   ----    ----
   XDATA CONST SIZE =   ----    ----
   FAR CONST SIZE   =   ----    ----
END OF MODULE INFORMATION.


C51 COMPILATION COMPLETE.  0 WARNING(S),  0 ERROR(S)
