C51 COMPILER V9.54   IIC                                                                   06/10/2021 15:58:45 PAGE 1   


C51 COMPILER V9.54, COMPILATION OF MODULE IIC
OBJECT MODULE PLACED IN .\Objects\iic.obj
COMPILER INVOKED BY: E:\C\keil\C51\BIN\C51.EXE User\iic.c OMF2 OPTIMIZE(8,SPEED) BROWSE INCDIR(.\User) DEBUG PRINT(.\Lis
                    -tings\iic.lst) TABS(2) OBJECT(.\Objects\iic.obj)

line level    source

   1          #include "iic.h"
   2          #include  <INTRINS.H>
   3          #define uint unsigned int
   4          #define uchar unsigned char
   5          sbit sda = P2^0; 
   6          sbit scl = P2^1;
   7          void delay()    //@11.0592MHz
   8          {
   9   1        unsigned char i;
  10   1        _nop_();
  11   1        _nop_();
  12   1        _nop_();
  13   1        i = 10;
  14   1        while (--i);
  15   1      }
  16          
  17          void start() //开始信号
  18          {
  19   1        sda=1;
  20   1        scl=1;
  21   1        delay();
  22   1        sda=0;
  23   1        delay();
  24   1        scl = 0;
  25   1      }
  26          void stop() //停止 
  27          {
  28   1        sda=0;
  29   1        scl=1;
  30   1        delay();
  31   1        sda=1;
  32   1        delay();
  33   1      }
  34          void rec_respons() //接收应答 
  35          {
  36   1      //  uint i;
  37   1        scl=1;
  38   1        delay();
  39   1      //  while((sda==1)&&(i<250))i++;
  40   1        scl=0;
  41   1        delay();
  42   1      }
  43          void send_respons(bit ack) //发送应答 
  44          {
  45   1        
  46   1        sda = ack;
  47   1        scl=1;
  48   1        delay();
  49   1        scl=0;
  50   1        delay();
  51   1      }
  52          void init() {
  53   1        sda=1;
  54   1        delay();
C51 COMPILER V9.54   IIC                                                                   06/10/2021 15:58:45 PAGE 2   

  55   1        scl=1;
  56   1        delay();
  57   1      }
  58          void write_byte(uchar date) {
  59   1        uchar i,temp;
  60   1        temp=date;
  61   1        for(i=0;i<8;i++) {
  62   2          temp=temp<<1;
  63   2          scl=0;
  64   2          delay();
  65   2          sda=CY;
  66   2          delay();
  67   2          scl=1;
  68   2          delay();
  69   2        }
  70   1        scl=0;
  71   1        delay();
  72   1        sda=1;
  73   1        delay();
  74   1        rec_respons();
  75   1      }
  76          uchar read_byte() {
  77   1        uchar i,k;
  78   1        scl=0;
  79   1        delay();
  80   1        sda=1;
  81   1        delay();
  82   1        for(i=0;i<8;i++) {
  83   2          scl=1;
  84   2          delay();
  85   2          k=(k<<1)|sda;
  86   2          scl=0;
  87   2          delay();
  88   2        }
  89   1        return k;
  90   1      }


MODULE INFORMATION:   STATIC OVERLAYABLE
   CODE SIZE        =    141    ----
   CONSTANT SIZE    =   ----    ----
   XDATA SIZE       =   ----    ----
   PDATA SIZE       =   ----    ----
   DATA SIZE        =   ----    ----
   IDATA SIZE       =   ----    ----
   BIT SIZE         =   ----       1
   EDATA SIZE       =   ----    ----
   HDATA SIZE       =   ----    ----
   XDATA CONST SIZE =   ----    ----
   FAR CONST SIZE   =   ----    ----
END OF MODULE INFORMATION.


C51 COMPILATION COMPLETE.  0 WARNING(S),  0 ERROR(S)
