C51 COMPILER V9.60.0.0   MUSIC                                                             07/05/2021 21:34:42 PAGE 1   


C51 COMPILER V9.60.0.0, COMPILATION OF MODULE MUSIC
OBJECT MODULE PLACED IN .\Objects\music.obj
COMPILER INVOKED BY: D:\work\keilc51\C51\BIN\C51.EXE User\music.c OMF2 OPTIMIZE(8,SPEED) BROWSE INCDIR(.\User) DEBUG PRI
                    -NT(.\Listings\music.lst) TABS(2) OBJECT(.\Objects\music.obj)

line level    source

   1          #include "music.h"
   2          #include "timer.h"
   3          #define uint unsigned int 
   4          #define uchar unsigned char 
   5          sbit io1 = P1^5;
   6          sbit io3 = P1^7;
   7          sbit io2 = P1^6;
   8          uchar N = 3;
   9          void delays (uint t )
  10          {
  11   1        uint i,j,k;
  12   1        for(k=0;k<t;k++)
  13   1        for( i=0; i<10; i++)
  14   1        for( j=0; j<95; j++);
  15   1      }
  16          void music_init()
  17          {
  18   1        io1 = 1;
  19   1        io2 = 1;
  20   1        io3 = 1;
  21   1      }
  22          void clock_start()
  23          {
  24   1        io1 = 0;
  25   1      }
  26          void warm_start()
  27          {
  28   1        io3 = 0;
  29   1      }
  30          void class_start()
  31          {
  32   1        io2 = 0;
  33   1      }
  34          void clock_stop()
  35          {
  36   1        io1 = 1;
  37   1        io2 = 1;
  38   1        io3 = 1;
  39   1      }


MODULE INFORMATION:   STATIC OVERLAYABLE
   CODE SIZE        =     67    ----
   CONSTANT SIZE    =   ----    ----
   XDATA SIZE       =   ----    ----
   PDATA SIZE       =   ----    ----
   DATA SIZE        =      1    ----
   IDATA SIZE       =   ----    ----
   BIT SIZE         =   ----    ----
   EDATA SIZE       =   ----    ----
   HDATA SIZE       =   ----    ----
   XDATA CONST SIZE =   ----    ----
   FAR CONST SIZE   =   ----    ----
END OF MODULE INFORMATION.

C51 COMPILER V9.60.0.0   MUSIC                                                             07/05/2021 21:34:42 PAGE 2   


C51 COMPILATION COMPLETE.  0 WARNING(S),  0 ERROR(S)
